10:11:13.468 [MainThread] INFO    thonny: Thonny version: 4.1.7
10:11:13.468 [MainThread] INFO    thonny: cwd: C:\Users\Alexandria Myers\Documents\GitHub\CorviaWeb\thonny\user_data\leave_this_empty
10:11:13.468 [MainThread] INFO    thonny: original argv: ['C:\\Users\\Alexandria Myers\\Documents\\GitHub\\CorviaWeb\\thonny\\python.exe', '-u', '-B', 'C:\\Users\\Alexandria Myers\\Documents\\GitHub\\CorviaWeb\\thonny\\lib\\site-packages\\thonny\\plugins\\cpython_backend\\cp_launcher.py', 'C:\\Users\\Alexandria Myers', "{'run.warn_module_shadowing': True}"]
10:11:13.468 [MainThread] INFO    thonny: sys.executable: C:\Users\Alexandria Myers\Documents\GitHub\CorviaWeb\thonny\python.exe
10:11:13.468 [MainThread] INFO    thonny: sys.argv: ['C:\\Users\\Alexandria Myers\\Documents\\GitHub\\CorviaWeb\\thonny\\lib\\site-packages\\thonny\\plugins\\cpython_backend\\cp_launcher.py', 'C:\\Users\\Alexandria Myers', "{'run.warn_module_shadowing': True}"]
10:11:13.470 [MainThread] INFO    thonny: sys.path: ['C:\\Users\\Alexandria Myers\\Documents\\GitHub\\CorviaWeb\\thonny\\lib\\site-packages\\thonny\\plugins\\cpython_backend', 'C:\\Users\\Alexandria Myers\\Documents\\GitHub\\CorviaWeb\\thonny\\python310.zip', 'C:\\Users\\Alexandria Myers\\Documents\\GitHub\\CorviaWeb\\thonny\\DLLs', 'C:\\Users\\Alexandria Myers\\Documents\\GitHub\\CorviaWeb\\thonny\\lib', 'C:\\Users\\Alexandria Myers\\Documents\\GitHub\\CorviaWeb\\thonny', 'C:\\Users\\Alexandria Myers\\Documents\\GitHub\\CorviaWeb\\thonny\\lib\\site-packages']
10:11:13.470 [MainThread] INFO    thonny: sys.flags: sys.flags(debug=0, inspect=0, interactive=0, optimize=0, dont_write_bytecode=1, no_user_site=0, no_site=0, ignore_environment=0, verbose=0, bytes_warning=0, quiet=0, hash_randomization=1, isolated=0, dev_mode=False, utf8_mode=0, warn_default_encoding=0, int_max_str_digits=-1)
10:11:13.470 [MainThread] INFO    thonny: TIME/MODS 0.008 Before constructing backend (+21 modules)
10:11:13.470 [MainThread] INFO    thonny: NEW MODS ['_heapq', '_queue', 'encodings.ascii', 'errno', 'faulthandler', 'fnmatch', 'heapq', 'importlib._abc', 'importlib.util', 'msvcrt', 'pathlib', 'posixpath', 'queue', 'signal', 'subprocess', 'thonny.backend', 'thonny.plugins', 'thonny.plugins.cpython_backend', 'thonny.plugins.cpython_backend.cp_back', 'urllib', 'urllib.parse']
10:11:13.470 [MainThread] INFO    thonny: TIME/MODS 0.000 Before MainBackend 
10:11:13.470 [MainThread] INFO    thonny: TIME/MODS 0.000 After MainBackend 
10:11:13.484 [MainThread] INFO    thonny.backend: Loading plugins
10:11:13.484 [MainThread] INFO    thonny: TIME/MODS 0.014 Before loading plugins (+4 modules)
10:11:13.484 [MainThread] INFO    thonny: NEW MODS ['pkgutil', 'platform', 'pydoc', 'sysconfig']
10:11:13.485 [MainThread] INFO    thonny.common: Using THONNY_FRONTEND_SYS_PATH ['C:\\Users\\Alexandria Myers\\Documents\\GitHub\\CorviaWeb\\thonny\\python310.zip', 'C:\\Users\\Alexandria Myers\\Documents\\GitHub\\CorviaWeb\\thonny\\DLLs', 'C:\\Users\\Alexandria Myers\\Documents\\GitHub\\CorviaWeb\\thonny\\lib', 'C:\\Users\\Alexandria Myers\\Documents\\GitHub\\CorviaWeb\\thonny', 'C:\\Users\\Alexandria Myers\\Documents\\GitHub\\CorviaWeb\\thonny\\lib\\site-packages', 'C:\\Users\\Alexandria Myers\\Documents\\GitHub\\CorviaWeb\\thonny\\user_data\\plugins\\Python310\\site-packages']
10:11:13.485 [MainThread] INFO    thonny.backend: Loading plugin 'thonny.plugins.backend.birdseye_backend'
10:11:13.486 [MainThread] INFO    thonny.backend: Loading plugin 'thonny.plugins.backend.dock_user_windows_backend'
10:11:13.486 [MainThread] INFO    thonny.backend: Loading plugin 'thonny.plugins.backend.flask_backend'
10:11:13.486 [MainThread] INFO    thonny.backend: Loading plugin 'thonny.plugins.backend.matplotlib_backend'
10:11:13.487 [MainThread] INFO    thonny.backend: Loading plugin 'thonny.plugins.backend.pgzero_backend'
10:11:13.487 [MainThread] INFO    thonny: TIME/MODS 0.003 After loading plugins (+6 modules)
10:11:13.487 [MainThread] INFO    thonny: NEW MODS ['thonny.plugins.backend', 'thonny.plugins.backend.birdseye_backend', 'thonny.plugins.backend.dock_user_windows_backend', 'thonny.plugins.backend.flask_backend', 'thonny.plugins.backend.matplotlib_backend', 'thonny.plugins.backend.pgzero_backend']
10:11:13.490 [MainThread] INFO    thonny: TIME/MODS 0.003 Beginning of mainloop 
10:11:13.490 [MainThread] INFO    thonny: TIME/MODS 0.000 Sending message ToplevelResponse 
10:11:13.490 [MainThread] INFO    thonny.backend: Loading Jedi
10:11:13.490 [MainThread] INFO    thonny: TIME/MODS 0.000 Before loading Jedi 
10:11:13.490 [MainThread] INFO    thonny.common: Using THONNY_FRONTEND_SYS_PATH ['C:\\Users\\Alexandria Myers\\Documents\\GitHub\\CorviaWeb\\thonny\\python310.zip', 'C:\\Users\\Alexandria Myers\\Documents\\GitHub\\CorviaWeb\\thonny\\DLLs', 'C:\\Users\\Alexandria Myers\\Documents\\GitHub\\CorviaWeb\\thonny\\lib', 'C:\\Users\\Alexandria Myers\\Documents\\GitHub\\CorviaWeb\\thonny', 'C:\\Users\\Alexandria Myers\\Documents\\GitHub\\CorviaWeb\\thonny\\lib\\site-packages', 'C:\\Users\\Alexandria Myers\\Documents\\GitHub\\CorviaWeb\\thonny\\user_data\\plugins\\Python310\\site-packages']
10:11:13.641 [MainThread] INFO    thonny: TIME/MODS 0.151 After loading Jedi (+132 modules)
10:11:13.641 [MainThread] INFO    thonny: NEW MODS ['__future__', '_blake2', '_bz2', '_compat_pickle', '_compression', '_hashlib', '_json', '_lzma', '_pickle', '_socket', '_struct', 'binascii', 'bz2', 'difflib', 'filecmp', 'gc', 'hashlib', 'jedi', 'jedi._compatibility', 'jedi.api', 'jedi.api.classes', 'jedi.api.completion', 'jedi.api.completion_cache', 'jedi.api.environment', 'jedi.api.errors', 'jedi.api.exceptions', 'jedi.api.file_name', 'jedi.api.helpers', 'jedi.api.interpreter', 'jedi.api.keywords', 'jedi.api.project', 'jedi.api.refactoring', 'jedi.api.refactoring.extract', 'jedi.api.strings', 'jedi.cache', 'jedi.common', 'jedi.debug', 'jedi.file_io', 'jedi.inference', 'jedi.inference.analysis', 'jedi.inference.arguments', 'jedi.inference.base_value', 'jedi.inference.cache', 'jedi.inference.compiled', 'jedi.inference.compiled.access', 'jedi.inference.compiled.getattr_static', 'jedi.inference.compiled.mixed', 'jedi.inference.compiled.subprocess', 'jedi.inference.compiled.subprocess.functions', 'jedi.inference.compiled.value', 'jedi.inference.context', 'jedi.inference.docstring_utils', 'jedi.inference.docstrings', 'jedi.inference.filters', 'jedi.inference.flow_analysis', 'jedi.inference.gradual', 'jedi.inference.gradual.annotation', 'jedi.inference.gradual.base', 'jedi.inference.gradual.conversion', 'jedi.inference.gradual.generics', 'jedi.inference.gradual.stub_value', 'jedi.inference.gradual.type_var', 'jedi.inference.gradual.typeshed', 'jedi.inference.gradual.typing', 'jedi.inference.gradual.utils', 'jedi.inference.helpers', 'jedi.inference.imports', 'jedi.inference.lazy_value', 'jedi.inference.names', 'jedi.inference.param', 'jedi.inference.parser_cache', 'jedi.inference.recursion', 'jedi.inference.references', 'jedi.inference.signature', 'jedi.inference.syntax_tree', 'jedi.inference.sys_path', 'jedi.inference.utils', 'jedi.inference.value', 'jedi.inference.value.decorator', 'jedi.inference.value.dynamic_arrays', 'jedi.inference.value.function', 'jedi.inference.value.instance', 'jedi.inference.value.iterable', 'jedi.inference.value.klass', 'jedi.inference.value.module', 'jedi.inference.value.namespace', 'jedi.parser_utils', 'jedi.plugins', 'jedi.plugins.django', 'jedi.plugins.flask', 'jedi.plugins.pytest', 'jedi.plugins.registry', 'jedi.plugins.stdlib', 'jedi.settings', 'json', 'json.decoder', 'json.encoder', 'json.scanner', 'lzma', 'math', 'parso', 'parso._compatibility', 'parso.cache', 'parso.file_io', 'parso.grammar', 'parso.normalizer', 'parso.parser', 'parso.pgen2', 'parso.pgen2.generator', 'parso.pgen2.grammar_parser', 'parso.python', 'parso.python.diff', 'parso.python.errors', 'parso.python.parser', 'parso.python.pep8', 'parso.python.prefix', 'parso.python.token', 'parso.python.tokenize', 'parso.python.tree', 'parso.tree', 'parso.utils', 'pickle', 'pydoc_data', 'pydoc_data.topics', 'select', 'selectors', 'shutil', 'socket', 'struct', 'textwrap', 'zipfile', 'zlib']
10:11:15.566 [MainThread] INFO    thonny: TIME/MODS 1.925 Sending message highlight_occurrences_response (+1 modules)
10:11:15.566 [MainThread] INFO    thonny: NEW MODS ['thonny.jedi_utils']
10:11:24.348 [MainThread] INFO    thonny: TIME/MODS 8.782 Sending message get_active_distributions_response (+81 modules)
10:11:24.348 [MainThread] INFO    thonny: NEW MODS ['_bisect', '_ctypes', '_datetime', '_random', '_sha512', 'base64', 'bisect', 'calendar', 'ctypes', 'ctypes._endian', 'datetime', 'email', 'email._parseaddr', 'email._policybase', 'email.base64mime', 'email.charset', 'email.encoders', 'email.errors', 'email.feedparser', 'email.header', 'email.parser', 'email.quoprimime', 'email.utils', 'html', 'html.entities', 'importlib._adapters', 'importlib._common', 'importlib.abc', 'importlib.resources', 'locale', 'pkg_resources', 'pkg_resources._vendor', 'pkg_resources._vendor.appdirs', 'pkg_resources._vendor.jaraco', 'pkg_resources._vendor.more_itertools', 'pkg_resources._vendor.more_itertools.more', 'pkg_resources._vendor.more_itertools.recipes', 'pkg_resources._vendor.packaging', 'pkg_resources._vendor.packaging.__about__', 'pkg_resources._vendor.packaging._manylinux', 'pkg_resources._vendor.packaging._musllinux', 'pkg_resources._vendor.pyparsing', 'pkg_resources._vendor.pyparsing.actions', 'pkg_resources._vendor.pyparsing.common', 'pkg_resources._vendor.pyparsing.core', 'pkg_resources._vendor.pyparsing.exceptions', 'pkg_resources._vendor.pyparsing.helpers', 'pkg_resources._vendor.pyparsing.results', 'pkg_resources._vendor.pyparsing.testing', 'pkg_resources._vendor.pyparsing.unicode', 'pkg_resources._vendor.pyparsing.util', 'pkg_resources.extern', 'pkg_resources.extern.appdirs', 'pkg_resources.extern.jaraco', 'pkg_resources.extern.jaraco.context', 'pkg_resources.extern.jaraco.functools', 'pkg_resources.extern.jaraco.text', 'pkg_resources.extern.more_itertools', 'pkg_resources.extern.packaging', 'pkg_resources.extern.packaging._structures', 'pkg_resources.extern.packaging.markers', 'pkg_resources.extern.packaging.requirements', 'pkg_resources.extern.packaging.specifiers', 'pkg_resources.extern.packaging.tags', 'pkg_resources.extern.packaging.utils', 'pkg_resources.extern.packaging.version', 'pkg_resources.extern.pyparsing', 'plistlib', 'pprint', 'pyexpat', 'pyexpat.errors', 'pyexpat.model', 'quopri', 'random', 'tempfile', 'unicodedata', 'xml', 'xml.parsers', 'xml.parsers.expat', 'xml.parsers.expat.errors', 'xml.parsers.expat.model']
10:11:40.777 [MainThread] INFO    thonny: TIME/MODS 16.429 Sending message install_distributions_response 
10:11:40.988 [MainThread] INFO    thonny: TIME/MODS 0.211 Sending message get_active_distributions_response 
10:12:11.007 [MainThread] INFO    thonny: TIME/MODS 30.019 Sending message get_active_distributions_response 
10:12:45.675 [MainThread] INFO    thonny: TIME/MODS 34.668 Sending message install_distributions_response 
10:12:45.733 [MainThread] INFO    thonny: TIME/MODS 0.058 Sending message get_active_distributions_response 
